Log file open, 05/15/17 10:03:17
LogInit:Display: Running engine for game: arreglado
LogPlatformFile: Not using cached read wrapper
LogInit:Display: RandInit(-45234873) SRandInit(-45234873).
LogTaskGraph: Started task graph with 5 named threads and 8 total threads with 1 sets of task threads.
LogStats: Stats thread started at 0.070358
LogInit: Using libcurl 7.47.1
LogInit:  - built for x86_64-pc-win32
LogInit:  - supports SSL with OpenSSL/1.0.2g
LogInit:  - supports HTTP deflate (compression) using libz 1.2.8
LogInit:  - other features:
LogInit:      CURL_VERSION_SSL
LogInit:      CURL_VERSION_LIBZ
LogInit:      CURL_VERSION_IPV6
LogInit:      CURL_VERSION_ASYNCHDNS
LogInit:      CURL_VERSION_LARGEFILE
LogInit:      CURL_VERSION_IDN
LogInit:  CurlRequestOptions (configurable via config and command line):
LogInit:  - bVerifyPeer = false  - Libcurl will NOT verify peer certificate
LogInit:  - bUseHttpProxy = false  - Libcurl will NOT use HTTP proxy
LogInit:  - bDontReuseConnections = false  - Libcurl will reuse connections
LogInit:  - CertBundlePath = nullptr  - Libcurl will use whatever was configured at build time.
LogInit: Build: ++UE4+Release-4.15-CL-3416026
LogInit: Engine Version: 4.15.2-3416026+++UE4+Release-4.15
LogInit: Compatible Engine Version: 4.15.0-3299760+++UE4+Release-4.15
LogInit: Net CL: 3299760
LogDevObjectVersion: Number of dev versions registered: 14
LogDevObjectVersion:   Dev-Blueprints (B0D832E4-1F89-4F0D-ACCF-7EB736FD4AA2): 8
LogDevObjectVersion:   Dev-Build (E1C64328-A22C-4D53-A36C-8E866417BD8C): 0
LogDevObjectVersion:   Dev-Core (375EC13C-06E4-48FB-B500-84F0262A717E): 2
LogDevObjectVersion:   Dev-Editor (E4B068ED-F494-42E9-A231-DA0B2E46BB41): 14
LogDevObjectVersion:   Dev-Framework (CFFC743F-43B0-4480-9391-14DF171D2073): 22
LogDevObjectVersion:   Dev-Mobile (B02B49B5-BB20-44E9-A304-32B752E40360): 0
LogDevObjectVersion:   Dev-Networking (A4E4105C-59A1-49B5-A7C5-40C4547EDFEE): 0
LogDevObjectVersion:   Dev-Online (39C831C9-5AE6-47DC-9A44-9C173E1C8E7C): 0
LogDevObjectVersion:   Dev-Physics (78F01B33-EBEA-4F98-B9B4-84EACCB95AA2): 0
LogDevObjectVersion:   Dev-Platform (6631380F-2D4D-43E0-8009-CF276956A95A): 0
LogDevObjectVersion:   Dev-Rendering (12F88B9F-8875-4AFC-A67C-D90C383ABD29): 12
LogDevObjectVersion:   Dev-Sequencer (7B5AE74C-D270-4C10-A958-57980B212A5A): 3
LogDevObjectVersion:   Dev-VR (D7296918-1DD6-4BDD-9DE2-64A83CC13884): 0
LogDevObjectVersion:   Dev-LoadTimes (C2A15278-BFE7-4AFE-6C17-90FF531DF755): 1
LogInit: Compiled (64-bit): May  1 2017 13:11:28
LogInit: Compiled with Visual C++: 19.00.23026.00
LogInit: Build Configuration: Development
LogInit: Branch Name: ++UE4+Release-4.15
LogInit: Command line:  
LogInit: Base directory: C:/Program Files/Epic Games/UE_4.15/Engine/Binaries/Win64/
LogInit: Installed Engine Build: 1
LogInit: Presizing for max 8388607 objects, including 0 objects not considered by GC, pre-allocating 0 bytes for permanent pool.
LogInit: Object subsystem initialized
[2017.05.15-15.03.18:623][  0]LogInit: Selected Device Profile: [Windows]
[2017.05.15-15.03.18:623][  0]LogInit: Applying CVar settings loaded from the selected device profile: [Windows]
[2017.05.15-15.03.18:630][  0]LogInit: Computer: DESKTOP-Q9LM19G
[2017.05.15-15.03.18:630][  0]LogInit: User: GabrielSarria
[2017.05.15-15.03.18:630][  0]LogInit: CPU Page size=65536, Cores=4
[2017.05.15-15.03.18:630][  0]LogInit: High frequency timer resolution =4.101563 MHz
[2017.05.15-15.03.18:630][  0]LogMemory: Memory total: Physical=15.9GB (16GB approx)
[2017.05.15-15.03.18:630][  0]LogMemory: Platform Memory Stats for Windows
[2017.05.15-15.03.18:630][  0]LogMemory: Process Physical Memory: 262.16 MB used, 262.16 MB peak
[2017.05.15-15.03.18:630][  0]LogMemory: Process Virtual Memory: 262.57 MB used, 262.57 MB peak
[2017.05.15-15.03.18:630][  0]LogMemory: Physical Memory: 4671.35 MB used,  11643.16 MB free, 16314.50 MB total
[2017.05.15-15.03.18:630][  0]LogMemory: Virtual Memory: 645.10 MB used,  11643.16 MB free, 134217728.00 MB total
[2017.05.15-15.03.18:734][  0]LogInit: Overriding culture en with editor configuration.
[2017.05.15-15.03.19:309][  0]LogD3D11RHI: D3D11 adapters:
[2017.05.15-15.03.19:341][  0]LogD3D11RHI:    0. 'NVIDIA GeForce GTX 1060 6GB' (Feature Level 11_0)
[2017.05.15-15.03.19:341][  0]LogD3D11RHI:       6084/0/8157 MB DedicatedVideo/DedicatedSystem/SharedSystem, Outputs:1, VendorId:0x10de
[2017.05.15-15.03.19:342][  0]LogD3D11RHI:    1. 'Microsoft Basic Render Driver' (Feature Level 11_0)
[2017.05.15-15.03.19:342][  0]LogD3D11RHI:       0/0/8157 MB DedicatedVideo/DedicatedSystem/SharedSystem, Outputs:0, VendorId:0x1414
[2017.05.15-15.03.19:342][  0]LogD3D11RHI: Chosen D3D11 Adapter: 0
[2017.05.15-15.03.19:344][  0]LogD3D11RHI: Creating new Direct3DDevice
[2017.05.15-15.03.19:344][  0]LogD3D11RHI:     GPU DeviceId: 0x1c03 (for the marketing name, search the web for "GPU Device Id")
[2017.05.15-15.03.19:344][  0]LogWindows: EnumDisplayDevices:
[2017.05.15-15.03.19:344][  0]LogWindows:    0. 'NVIDIA GeForce GTX 1060 6GB' (P:1 D:1)
[2017.05.15-15.03.19:344][  0]LogWindows:    1. 'NVIDIA GeForce GTX 1060 6GB' (P:0 D:0)
[2017.05.15-15.03.19:345][  0]LogWindows:    2. 'NVIDIA GeForce GTX 1060 6GB' (P:0 D:0)
[2017.05.15-15.03.19:345][  0]LogWindows:    3. 'NVIDIA GeForce GTX 1060 6GB' (P:0 D:0)
[2017.05.15-15.03.19:345][  0]LogWindows: DebugString: FoundDriverCount:4 
[2017.05.15-15.03.19:345][  0]LogD3D11RHI:     Adapter Name: NVIDIA GeForce GTX 1060 6GB
[2017.05.15-15.03.19:345][  0]LogD3D11RHI:   Driver Version: 382.05 (internal:22.21.13.8205, unified:382.05)
[2017.05.15-15.03.19:345][  0]LogD3D11RHI:      Driver Date: 5-1-2017
[2017.05.15-15.03.19:345][  0]LogRHI: Texture pool is 1361 MB (70% of 1945 MB)
[2017.05.15-15.03.19:359][  0]LogD3D11RHI: [Aftermath] Aftermath enabled and primed
[2017.05.15-15.03.19:359][  0]LogD3D11RHI: Async texture creation enabled
[2017.05.15-15.03.19:368][  0]LogD3D11RHI: GPU Timing Frequency: 1000.000000 (Debug: 2 1)
[2017.05.15-15.03.19:415][  0]LogShaderCompilers: Guid format shader working directory is 12 characters bigger than the processId version (E:/Users/Gabriel Sarria/Downloads/Proyecto/Intermediate/Shaders/WorkingDirectory/10476/).
[2017.05.15-15.03.19:415][  0]LogShaderCompilers: Cleaned the shader compiler working directory 'C:/Users/Gabriel Sarria/AppData/Local/Temp/UnrealShaderWorkingDir/85B21F18482572221210E9B305D33DB8/'.
[2017.05.15-15.03.19:415][  0]LogShaderCompilers:Display: Using Local Shader Compiler.
[2017.05.15-15.03.20:323][  0]LogTemp:Display: Loaded TP AllDesktopTargetPlatform
[2017.05.15-15.03.20:384][  0]LogTemp:Display: Loaded TP MacClientTargetPlatform
[2017.05.15-15.03.20:446][  0]LogTemp:Display: Loaded TP MacNoEditorTargetPlatform
[2017.05.15-15.03.20:509][  0]LogTemp:Display: Loaded TP MacServerTargetPlatform
[2017.05.15-15.03.20:574][  0]LogTemp:Display: Loaded TP MacTargetPlatform
[2017.05.15-15.03.20:637][  0]LogTemp:Display: Loaded TP WindowsClientTargetPlatform
[2017.05.15-15.03.20:701][  0]LogTemp:Display: Loaded TP WindowsNoEditorTargetPlatform
[2017.05.15-15.03.20:764][  0]LogTemp:Display: Loaded TP WindowsServerTargetPlatform
[2017.05.15-15.03.20:820][  0]LogTemp:Display: Loaded TP WindowsTargetPlatform
[2017.05.15-15.03.20:882][  0]LogTemp:Display: Loaded TP AndroidTargetPlatform
[2017.05.15-15.03.20:943][  0]LogTemp:Display: Loaded TP Android_ASTCTargetPlatform
[2017.05.15-15.03.21:005][  0]LogTemp:Display: Loaded TP Android_ATCTargetPlatform
[2017.05.15-15.03.21:066][  0]LogTemp:Display: Loaded TP Android_DXTTargetPlatform
[2017.05.15-15.03.21:128][  0]LogTemp:Display: Loaded TP Android_ETC1TargetPlatform
[2017.05.15-15.03.21:191][  0]LogTemp:Display: Loaded TP Android_ETC2TargetPlatform
[2017.05.15-15.03.21:315][  0]LogTemp:Display: Loaded TP Android_MultiTargetPlatform
[2017.05.15-15.03.21:315][  0]LogTemp:Display: Loaded TP Android_PVRTCTargetPlatform
[2017.05.15-15.03.21:366][  0]LogTemp:Display: Loaded TP HTML5TargetPlatform
[2017.05.15-15.03.21:478][  0]LogTemp:Display: Loaded TP IOSTargetPlatform
[2017.05.15-15.03.21:516][  0]LogTemp:Display: Loaded TP TVOSTargetPlatform
[2017.05.15-15.03.21:578][  0]LogTemp:Display: Loaded TP LinuxClientTargetPlatform
[2017.05.15-15.03.21:642][  0]LogTemp:Display: Loaded TP LinuxNoEditorTargetPlatform
[2017.05.15-15.03.21:705][  0]LogTemp:Display: Loaded TP LinuxServerTargetPlatform
[2017.05.15-15.03.21:767][  0]LogTemp:Display: Loaded TP LinuxTargetPlatform
[2017.05.15-15.03.21:767][  0]LogTargetPlatformManager:Display: Building Assets For Windows
[2017.05.15-15.03.22:324][  0]LogDerivedDataCache:Display: Max Cache Size: 512 MB
[2017.05.15-15.03.22:362][  0]LogDerivedDataCache: Loaded boot cache 0.04s 52MB C:/Users/Gabriel Sarria/AppData/Local/UnrealEngine/4.15/DerivedDataCache/Boot.ddc.
[2017.05.15-15.03.22:362][  0]LogDerivedDataCache:Display: Loaded Boot cache: C:/Users/Gabriel Sarria/AppData/Local/UnrealEngine/4.15/DerivedDataCache/Boot.ddc
[2017.05.15-15.03.22:362][  0]LogDerivedDataCache: FDerivedDataBackendGraph:  Pak pak cache file E:/Users/Gabriel Sarria/Downloads/Proyecto/DerivedDataCache/DDC.ddp not found, will not use a pak cache.
[2017.05.15-15.03.22:362][  0]LogDerivedDataCache: Unable to find inner node Pak for hierarchical cache Hierarchy.
[2017.05.15-15.03.22:362][  0]LogDerivedDataCache: FDerivedDataBackendGraph:  CompressedPak pak cache file E:/Users/Gabriel Sarria/Downloads/Proyecto/DerivedDataCache/Compressed.ddp not found, will not use a pak cache.
[2017.05.15-15.03.22:362][  0]LogDerivedDataCache: Unable to find inner node CompressedPak for hierarchical cache Hierarchy.
[2017.05.15-15.03.22:375][  0]LogDerivedDataCache:Display: Pak cache opened for reading ../../../Engine/DerivedDataCache/Compressed.ddp.
[2017.05.15-15.03.22:387][  0]LogDerivedDataCache: Using Local data cache path C:/Users/Gabriel Sarria/AppData/Local/UnrealEngine/Common/DerivedDataCache: Writable
[2017.05.15-15.03.22:393][  0]LogSlate: Using Freetype 2.6.0
[2017.05.15-15.03.22:394][  0]LogSlate: SlateFontCache - WITH_FREETYPE: 1, WITH_HARFBUZZ: 1
[2017.05.15-15.03.22:394][  0]LogSlate: SlateFontCache - WITH_FREETYPE: 1, WITH_HARFBUZZ: 1
[2017.05.15-15.03.22:620][  0]LogInit: Selected Device Profile: [Windows]
[2017.05.15-15.03.22:621][  0]LogContentStreaming: Texture pool size is 0.00 MB
[2017.05.15-15.03.22:827][  0]LogMeshUtilities: Using QuadricMeshReduction for automatic static mesh reduction
[2017.05.15-15.03.22:883][  0]LogSimplygon: Simplygon DLL not present - disabling.
[2017.05.15-15.03.22:938][  0]LogMeshUtilities: Using SimplygonSwarm for distributed automatic mesh merging
[2017.05.15-15.03.22:938][  0]LogMeshUtilities: No automatic skeletal mesh reduction module available
[2017.05.15-15.03.22:938][  0]LogMeshUtilities: No automatic mesh merging module available
[2017.05.15-15.03.23:418][  0]LogNetVersion: GetLocalNetworkVersion: CL: 3299760, ProjectName: arreglado, ProjectVersion: , EngineNetworkVersion: 2, GameNetworkVersion: 0, NetworkChecksum: 2743168466
[2017.05.15-15.03.23:472][  0]LogAssetRegistry: FAssetRegistry took 0.0222 seconds to start up
[2017.05.15-15.03.23:508][  0]LogPackageLocalizationCache: Processed 3 localized package path(s) for 1 prioritized culture(s) in 0.008426 seconds
[2017.05.15-15.03.23:512][  0]LogUObjectArray: 32493 objects as part of root set at end of initial load.
[2017.05.15-15.03.23:512][  0]LogUObjectAllocator: 7077032 out of 0 bytes used by permanent object pool.
[2017.05.15-15.03.23:512][  0]LogUObjectArray: CloseDisregardForGC: 0/0 objects in disregard for GC pool
[2017.05.15-15.03.23:595][  0]LogInit: WinSock: version 1.1 (2.2), MaxSocks=32767, MaxUdp=65467
[2017.05.15-15.03.25:967][  0]LogSubstanceCoreModule: Substance [CPU] Engine Loaded, Max Texture Size = 2048
[2017.05.15-15.03.26:022][  0]LogTcpMessaging: Initializing TcpMessaging bridge
[2017.05.15-15.03.26:099][  0]LogUdpMessaging: Initializing bridge on interface 0.0.0.0:0 to multicast group 230.0.0.1:6666.
[2017.05.15-15.03.26:917][  0]LogMaterial: Uniform references updated for custom material expression Custom.
[2017.05.15-15.03.27:579][  0]SourceControl: Info Source control is disabled
[2017.05.15-15.03.27:580][  0]SourceControl: Info Source control is disabled
[2017.05.15-15.03.27:655][  0]SourceControl: Info Source control is disabled
[2017.05.15-15.03.27:750][  0]SourceControl: Info Source control is disabled
[2017.05.15-15.03.30:272][  0]LogEngine: Initializing Engine...
[2017.05.15-15.03.30:273][  0]LogHMD: Failed to initialize OpenVR with code 110
[2017.05.15-15.03.30:459][  0]LogStats: UGameplayTagsManager::ConstructGameplayTagTree: Construct from data asset -  0.000 s
[2017.05.15-15.03.30:459][  0]LogStats: UGameplayTagsManager::ConstructGameplayTagTree: GameplayTagTreeChangedEvent.Broadcast -  0.000 s
[2017.05.15-15.03.30:706][  0]LogAIModule: Creating AISystem for world Untitled
[2017.05.15-15.03.30:735][  0]LogInit: XAudio2 using 'Realtek Digital Output (Realtek High Definition Audio)' : 2 channels at 48 kHz using 16 bits per sample (channel mask 0x3)
[2017.05.15-15.03.30:759][  0]LogInit: FAudioDevice initialized.
[2017.05.15-15.03.30:816][  0]LogDerivedDataCache: Saved boot cache 0.06s 50MB C:/Users/Gabriel Sarria/AppData/Local/UnrealEngine/4.15/DerivedDataCache/Boot.ddc.
[2017.05.15-15.03.30:820][  0]LogInit: Texture streaming: Enabled
[2017.05.15-15.03.31:030][  0]LogEngineSessionManager: EngineSessionManager initialized
[2017.05.15-15.03.31:166][  0]LogInit: Transaction tracking system initialized
[2017.05.15-15.03.31:976][  0]BlueprintLog: New page: Editor Load
[2017.05.15-15.03.34:036][  0]LocalizationService: Info Localization service is disabled
[2017.05.15-15.03.35:620][  0]LogConsoleResponse:Display: 
[2017.05.15-15.03.35:843][  0]LogCook:Display: Max memory allowance for cook 16384mb min free memory 0mb
[2017.05.15-15.03.35:843][  0]LogCook:Display: Mobile HDR setting 1
[2017.05.15-15.03.36:387][  0]LogFileCache: Scanning file cache for directory 'E:/Users/Gabriel Sarria/Downloads/Proyecto/Content/' took 0.02s
[2017.05.15-15.03.37:999][  0]SourceControl: Info Source control is disabled
[2017.05.15-15.03.37:999][  0]Cmd: MAP LOAD FILE="E:/Users/Gabriel Sarria/Downloads/Proyecto/Content/Mapas/Bilbioteca.umap" TEMPLATE=0 SHOWPROGRESS=1 FEATURELEVEL=3
[2017.05.15-15.03.38:000][  0]LightingResults: New page: Lighting Build
[2017.05.15-15.03.38:076][  0]MapCheck: New page: Map Check
[2017.05.15-15.03.38:076][  0]LightingResults: New page: Lighting Build
[2017.05.15-15.03.38:856][  0]LogLinker:Warning: Can't find file '/Game/modelos/chair/Chair2'
[2017.05.15-15.03.38:856][  0]LogLinker:Warning: Can't find file for asset '/Game/modelos/chair/Chair2' while loading E:/Users/Gabriel Sarria/Downloads/Proyecto/Content/Furniture/modelos/chair/Chair.uasset.
[2017.05.15-15.03.38:856][  0]LoadErrors:Error: Error /Game/Furniture/modelos/chair/Chair : Can't find file for asset. /Game/modelos/chair/Chair2
[2017.05.15-15.03.38:856][  0]LogLinker:Warning: Can't find file '/Game/modelos/chair/Chair2'
[2017.05.15-15.03.38:856][  0]LogLinker:Warning: Can't find file for asset '/Game/modelos/chair/Chair2' while loading E:/Users/Gabriel Sarria/Downloads/Proyecto/Content/Furniture/modelos/chair/Chair.uasset.
[2017.05.15-15.03.38:856][  0]LoadErrors:Error: Error /Game/Furniture/modelos/chair/Chair : Can't find file for asset. /Game/modelos/chair/Chair2
[2017.05.15-15.03.38:858][  0]LogLinker:Warning: Can't find file '/Game/modelos/libros/book01Mat'
[2017.05.15-15.03.38:858][  0]LogLinker:Warning: Can't find file for asset '/Game/modelos/libros/book01Mat' while loading E:/Users/Gabriel Sarria/Downloads/Proyecto/Content/Furniture/modelos/libros/general_books_OBJ.uasset.
[2017.05.15-15.03.38:858][  0]LoadErrors:Error: Error /Game/Furniture/modelos/libros/general_books_OBJ : Can't find file for asset. /Game/modelos/libros/book01Mat
[2017.05.15-15.03.38:858][  0]LogLinker:Warning: Can't find file '/Game/modelos/libros/book02Mat'
[2017.05.15-15.03.38:858][  0]LogLinker:Warning: Can't find file for asset '/Game/modelos/libros/book02Mat' while loading E:/Users/Gabriel Sarria/Downloads/Proyecto/Content/Furniture/modelos/libros/general_books_OBJ.uasset.
[2017.05.15-15.03.38:858][  0]LoadErrors:Error: Error /Game/Furniture/modelos/libros/general_books_OBJ : Can't find file for asset. /Game/modelos/libros/book02Mat
[2017.05.15-15.03.38:858][  0]LogLinker:Warning: Can't find file '/Game/modelos/libros/book03Mat'
[2017.05.15-15.03.38:858][  0]LogLinker:Warning: Can't find file for asset '/Game/modelos/libros/book03Mat' while loading E:/Users/Gabriel Sarria/Downloads/Proyecto/Content/Furniture/modelos/libros/general_books_OBJ.uasset.
[2017.05.15-15.03.38:858][  0]LoadErrors:Error: Error /Game/Furniture/modelos/libros/general_books_OBJ : Can't find file for asset. /Game/modelos/libros/book03Mat
[2017.05.15-15.03.38:858][  0]LogLinker:Warning: Can't find file '/Game/modelos/libros/book04Mat'
[2017.05.15-15.03.38:858][  0]LogLinker:Warning: Can't find file for asset '/Game/modelos/libros/book04Mat' while loading E:/Users/Gabriel Sarria/Downloads/Proyecto/Content/Furniture/modelos/libros/general_books_OBJ.uasset.
[2017.05.15-15.03.38:859][  0]LoadErrors:Error: Error /Game/Furniture/modelos/libros/general_books_OBJ : Can't find file for asset. /Game/modelos/libros/book04Mat
[2017.05.15-15.03.38:859][  0]LogLinker:Warning: Can't find file '/Game/modelos/libros/book05Mat'
[2017.05.15-15.03.38:859][  0]LogLinker:Warning: Can't find file for asset '/Game/modelos/libros/book05Mat' while loading E:/Users/Gabriel Sarria/Downloads/Proyecto/Content/Furniture/modelos/libros/general_books_OBJ.uasset.
[2017.05.15-15.03.38:859][  0]LoadErrors:Error: Error /Game/Furniture/modelos/libros/general_books_OBJ : Can't find file for asset. /Game/modelos/libros/book05Mat
[2017.05.15-15.03.38:859][  0]LogLinker:Warning: Can't find file '/Game/modelos/libros/book01Mat'
[2017.05.15-15.03.38:859][  0]LogLinker:Warning: Can't find file for asset '/Game/modelos/libros/book01Mat' while loading E:/Users/Gabriel Sarria/Downloads/Proyecto/Content/Furniture/modelos/libros/general_books_OBJ.uasset.
[2017.05.15-15.03.38:859][  0]LoadErrors:Error: Error /Game/Furniture/modelos/libros/general_books_OBJ : Can't find file for asset. /Game/modelos/libros/book01Mat
[2017.05.15-15.03.38:859][  0]LogLinker:Warning: Can't find file '/Game/modelos/libros/book02Mat'
[2017.05.15-15.03.38:859][  0]LogLinker:Warning: Can't find file for asset '/Game/modelos/libros/book02Mat' while loading E:/Users/Gabriel Sarria/Downloads/Proyecto/Content/Furniture/modelos/libros/general_books_OBJ.uasset.
[2017.05.15-15.03.38:859][  0]LoadErrors:Error: Error /Game/Furniture/modelos/libros/general_books_OBJ : Can't find file for asset. /Game/modelos/libros/book02Mat
[2017.05.15-15.03.38:859][  0]LogLinker:Warning: Can't find file '/Game/modelos/libros/book03Mat'
[2017.05.15-15.03.38:859][  0]LogLinker:Warning: Can't find file for asset '/Game/modelos/libros/book03Mat' while loading E:/Users/Gabriel Sarria/Downloads/Proyecto/Content/Furniture/modelos/libros/general_books_OBJ.uasset.
[2017.05.15-15.03.38:859][  0]LoadErrors:Error: Error /Game/Furniture/modelos/libros/general_books_OBJ : Can't find file for asset. /Game/modelos/libros/book03Mat
[2017.05.15-15.03.38:859][  0]LogLinker:Warning: Can't find file '/Game/modelos/libros/book04Mat'
[2017.05.15-15.03.38:859][  0]LogLinker:Warning: Can't find file for asset '/Game/modelos/libros/book04Mat' while loading E:/Users/Gabriel Sarria/Downloads/Proyecto/Content/Furniture/modelos/libros/general_books_OBJ.uasset.
[2017.05.15-15.03.38:859][  0]LoadErrors:Error: Error /Game/Furniture/modelos/libros/general_books_OBJ : Can't find file for asset. /Game/modelos/libros/book04Mat
[2017.05.15-15.03.38:859][  0]LogLinker:Warning: Can't find file '/Game/modelos/libros/book05Mat'
[2017.05.15-15.03.38:859][  0]LogLinker:Warning: Can't find file for asset '/Game/modelos/libros/book05Mat' while loading E:/Users/Gabriel Sarria/Downloads/Proyecto/Content/Furniture/modelos/libros/general_books_OBJ.uasset.
[2017.05.15-15.03.38:859][  0]LoadErrors:Error: Error /Game/Furniture/modelos/libros/general_books_OBJ : Can't find file for asset. /Game/modelos/libros/book05Mat
[2017.05.15-15.03.38:861][  0]LogLinker:Warning: Can't find file '/Game/modelos/mesa/glassMat'
[2017.05.15-15.03.38:861][  0]LogLinker:Warning: Can't find file for asset '/Game/modelos/mesa/glassMat' while loading E:/Users/Gabriel Sarria/Downloads/Proyecto/Content/Furniture/modelos/mesa/Linda+Coffee+Table.uasset.
[2017.05.15-15.03.38:861][  0]LoadErrors:Error: Error /Game/Furniture/modelos/mesa/Linda+Coffee+Table : Can't find file for asset. /Game/modelos/mesa/glassMat
[2017.05.15-15.03.38:861][  0]LogLinker:Warning: Can't find file '/Game/modelos/mesa/table_legMat'
[2017.05.15-15.03.38:861][  0]LogLinker:Warning: Can't find file for asset '/Game/modelos/mesa/table_legMat' while loading E:/Users/Gabriel Sarria/Downloads/Proyecto/Content/Furniture/modelos/mesa/Linda+Coffee+Table.uasset.
[2017.05.15-15.03.38:861][  0]LoadErrors:Error: Error /Game/Furniture/modelos/mesa/Linda+Coffee+Table : Can't find file for asset. /Game/modelos/mesa/table_legMat
[2017.05.15-15.03.38:861][  0]LogLinker:Warning: Can't find file '/Game/modelos/mesa/glassMat'
[2017.05.15-15.03.38:861][  0]LogLinker:Warning: Can't find file for asset '/Game/modelos/mesa/glassMat' while loading E:/Users/Gabriel Sarria/Downloads/Proyecto/Content/Furniture/modelos/mesa/Linda+Coffee+Table.uasset.
[2017.05.15-15.03.38:861][  0]LoadErrors:Error: Error /Game/Furniture/modelos/mesa/Linda+Coffee+Table : Can't find file for asset. /Game/modelos/mesa/glassMat
[2017.05.15-15.03.38:861][  0]LogLinker:Warning: Can't find file '/Game/modelos/mesa/table_legMat'
[2017.05.15-15.03.38:861][  0]LogLinker:Warning: Can't find file for asset '/Game/modelos/mesa/table_legMat' while loading E:/Users/Gabriel Sarria/Downloads/Proyecto/Content/Furniture/modelos/mesa/Linda+Coffee+Table.uasset.
[2017.05.15-15.03.38:861][  0]LoadErrors:Error: Error /Game/Furniture/modelos/mesa/Linda+Coffee+Table : Can't find file for asset. /Game/modelos/mesa/table_legMat
[2017.05.15-15.03.38:881][  0]LogLinker:Warning: Can't find file '/Game/Room/Textures/book_pillir_albedo'
[2017.05.15-15.03.38:881][  0]LogLinker:Warning: Can't find file for asset '/Game/Room/Textures/book_pillir_albedo' while loading E:/Users/Gabriel Sarria/Downloads/Proyecto/Content/Room/Materials/MI_bookPiler.uasset.
[2017.05.15-15.03.38:881][  0]LoadErrors:Error: Error /Game/Room/Materials/MI_bookPiler : Can't find file for asset. /Game/Room/Textures/book_pillir_albedo
[2017.05.15-15.03.38:881][  0]LogLinker:Warning: Can't find file '/Game/Room/Textures/book_pillir_normal'
[2017.05.15-15.03.38:881][  0]LogLinker:Warning: Can't find file for asset '/Game/Room/Textures/book_pillir_normal' while loading E:/Users/Gabriel Sarria/Downloads/Proyecto/Content/Room/Materials/MI_bookPiler.uasset.
[2017.05.15-15.03.38:881][  0]LoadErrors:Error: Error /Game/Room/Materials/MI_bookPiler : Can't find file for asset. /Game/Room/Textures/book_pillir_normal
[2017.05.15-15.03.38:881][  0]LogLinker:Warning: Can't find file '/Game/Room/Textures/book_pillir_reflection'
[2017.05.15-15.03.38:881][  0]LogLinker:Warning: Can't find file for asset '/Game/Room/Textures/book_pillir_reflection' while loading E:/Users/Gabriel Sarria/Downloads/Proyecto/Content/Room/Materials/MI_bookPiler.uasset.
[2017.05.15-15.03.38:881][  0]LoadErrors:Error: Error /Game/Room/Materials/MI_bookPiler : Can't find file for asset. /Game/Room/Textures/book_pillir_reflection
[2017.05.15-15.03.38:881][  0]LogLinker:Warning: Can't find file '/Game/Room/Textures/book_pillir_albedo'
[2017.05.15-15.03.38:881][  0]LogLinker:Warning: Can't find file for asset '/Game/Room/Textures/book_pillir_albedo' while loading E:/Users/Gabriel Sarria/Downloads/Proyecto/Content/Room/Materials/MI_bookPiler.uasset.
[2017.05.15-15.03.38:881][  0]LoadErrors:Error: Error /Game/Room/Materials/MI_bookPiler : Can't find file for asset. /Game/Room/Textures/book_pillir_albedo
[2017.05.15-15.03.38:882][  0]LogLinker:Warning: Can't find file '/Game/Room/Textures/book_pillir_normal'
[2017.05.15-15.03.38:882][  0]LogLinker:Warning: Can't find file for asset '/Game/Room/Textures/book_pillir_normal' while loading E:/Users/Gabriel Sarria/Downloads/Proyecto/Content/Room/Materials/MI_bookPiler.uasset.
[2017.05.15-15.03.38:882][  0]LoadErrors:Error: Error /Game/Room/Materials/MI_bookPiler : Can't find file for asset. /Game/Room/Textures/book_pillir_normal
[2017.05.15-15.03.38:882][  0]LogLinker:Warning: Can't find file '/Game/Room/Textures/book_pillir_reflection'
[2017.05.15-15.03.38:882][  0]LogLinker:Warning: Can't find file for asset '/Game/Room/Textures/book_pillir_reflection' while loading E:/Users/Gabriel Sarria/Downloads/Proyecto/Content/Room/Materials/MI_bookPiler.uasset.
[2017.05.15-15.03.38:882][  0]LoadErrors:Error: Error /Game/Room/Materials/MI_bookPiler : Can't find file for asset. /Game/Room/Textures/book_pillir_reflection
[2017.05.15-15.03.38:887][  0]LogLinker:Warning: Can't find file '/Game/StarterContent/Props/M_Frame'
[2017.05.15-15.03.38:887][  0]LogLinker:Warning: Can't find file for asset '/Game/StarterContent/Props/M_Frame' while loading E:/Users/Gabriel Sarria/Downloads/Proyecto/Content/StarterContent/Props/SM_DoorFrame.uasset.
[2017.05.15-15.03.38:887][  0]LoadErrors:Error: Error /Game/StarterContent/Props/SM_DoorFrame : Can't find file for asset. /Game/StarterContent/Props/M_Frame
[2017.05.15-15.03.38:887][  0]LogLinker:Warning: Can't find file '/Game/StarterContent/Props/M_Frame'
[2017.05.15-15.03.38:887][  0]LogLinker:Warning: Can't find file for asset '/Game/StarterContent/Props/M_Frame' while loading E:/Users/Gabriel Sarria/Downloads/Proyecto/Content/StarterContent/Props/SM_DoorFrame.uasset.
[2017.05.15-15.03.38:887][  0]LoadErrors:Error: Error /Game/StarterContent/Props/SM_DoorFrame : Can't find file for asset. /Game/StarterContent/Props/M_Frame
[2017.05.15-15.03.38:963][  0]LogLinker:Warning: Can't find file '/Game/StarterContent/Props/M_Frame'
[2017.05.15-15.03.38:963][  0]LoadErrors: Info Failed to load /Game/StarterContent/Props/M_Frame.M_Frame Referenced by SM_DoorFrame
[2017.05.15-15.03.38:963][  0]LogLinker:Warning: Can't find file for asset '/Game/StarterContent/Props/M_Frame' while loading NULL.
[2017.05.15-15.03.38:963][  0]LoadErrors: Info Failed to load /Game/StarterContent/Props/M_Frame.M_Frame Referenced by SM_DoorFrame
[2017.05.15-15.03.38:965][  0]LogLinker:Warning: Can't find file '/Game/Room/Textures/book_pillir_albedo'
[2017.05.15-15.03.38:965][  0]LoadErrors: Info Failed to load /Game/Room/Textures/book_pillir_albedo.book_pillir_albedo Referenced by MI_bookPiler
[2017.05.15-15.03.38:965][  0]LogLinker:Warning: Can't find file for asset '/Game/Room/Textures/book_pillir_albedo' while loading NULL.
[2017.05.15-15.03.38:965][  0]LoadErrors: Info Failed to load /Game/Room/Textures/book_pillir_albedo.book_pillir_albedo Referenced by MI_bookPiler
[2017.05.15-15.03.38:965][  0]LogLinker:Warning: Can't find file '/Game/Room/Textures/book_pillir_reflection'
[2017.05.15-15.03.38:965][  0]LoadErrors: Info Failed to load /Game/Room/Textures/book_pillir_reflection.book_pillir_reflection Referenced by MI_bookPiler
[2017.05.15-15.03.38:965][  0]LogLinker:Warning: Can't find file for asset '/Game/Room/Textures/book_pillir_reflection' while loading NULL.
[2017.05.15-15.03.38:965][  0]LoadErrors: Info Failed to load /Game/Room/Textures/book_pillir_reflection.book_pillir_reflection Referenced by MI_bookPiler
[2017.05.15-15.03.38:965][  0]LogLinker:Warning: Can't find file '/Game/Room/Textures/book_pillir_normal'
[2017.05.15-15.03.38:965][  0]LoadErrors: Info Failed to load /Game/Room/Textures/book_pillir_normal.book_pillir_normal Referenced by MI_bookPiler
[2017.05.15-15.03.38:965][  0]LogLinker:Warning: Can't find file for asset '/Game/Room/Textures/book_pillir_normal' while loading NULL.
[2017.05.15-15.03.38:965][  0]LoadErrors: Info Failed to load /Game/Room/Textures/book_pillir_normal.book_pillir_normal Referenced by MI_bookPiler
[2017.05.15-15.03.38:970][  0]LogLinker:Warning: Can't find file '/Game/modelos/mesa/glassMat'
[2017.05.15-15.03.38:970][  0]LoadErrors: Info Failed to load /Game/modelos/mesa/glassMat.glassMat Referenced by Linda+Coffee+Table
[2017.05.15-15.03.38:970][  0]LogLinker:Warning: Can't find file for asset '/Game/modelos/mesa/glassMat' while loading NULL.
[2017.05.15-15.03.38:970][  0]LoadErrors: Info Failed to load /Game/modelos/mesa/glassMat.glassMat Referenced by Linda+Coffee+Table
[2017.05.15-15.03.38:970][  0]LogLinker:Warning: Can't find file '/Game/modelos/mesa/table_legMat'
[2017.05.15-15.03.38:971][  0]LoadErrors: Info Failed to load /Game/modelos/mesa/table_legMat.table_legMat Referenced by Linda+Coffee+Table
[2017.05.15-15.03.38:971][  0]LogLinker:Warning: Can't find file for asset '/Game/modelos/mesa/table_legMat' while loading NULL.
[2017.05.15-15.03.38:971][  0]LoadErrors: Info Failed to load /Game/modelos/mesa/table_legMat.table_legMat Referenced by Linda+Coffee+Table
[2017.05.15-15.03.38:971][  0]LogLinker:Warning: Can't find file '/Game/modelos/libros/book01Mat'
[2017.05.15-15.03.38:971][  0]LoadErrors: Info Failed to load /Game/modelos/libros/book01Mat.book01Mat Referenced by general_books_OBJ
[2017.05.15-15.03.38:971][  0]LogLinker:Warning: Can't find file for asset '/Game/modelos/libros/book01Mat' while loading NULL.
[2017.05.15-15.03.38:971][  0]LoadErrors: Info Failed to load /Game/modelos/libros/book01Mat.book01Mat Referenced by general_books_OBJ
[2017.05.15-15.03.38:971][  0]LogLinker:Warning: Can't find file '/Game/modelos/libros/book02Mat'
[2017.05.15-15.03.38:971][  0]LoadErrors: Info Failed to load /Game/modelos/libros/book02Mat.book02Mat Referenced by general_books_OBJ
[2017.05.15-15.03.38:971][  0]LogLinker:Warning: Can't find file for asset '/Game/modelos/libros/book02Mat' while loading NULL.
[2017.05.15-15.03.38:971][  0]LoadErrors: Info Failed to load /Game/modelos/libros/book02Mat.book02Mat Referenced by general_books_OBJ
[2017.05.15-15.03.38:971][  0]LogLinker:Warning: Can't find file '/Game/modelos/libros/book03Mat'
[2017.05.15-15.03.38:971][  0]LoadErrors: Info Failed to load /Game/modelos/libros/book03Mat.book03Mat Referenced by general_books_OBJ
[2017.05.15-15.03.38:971][  0]LogLinker:Warning: Can't find file for asset '/Game/modelos/libros/book03Mat' while loading NULL.
[2017.05.15-15.03.38:971][  0]LoadErrors: Info Failed to load /Game/modelos/libros/book03Mat.book03Mat Referenced by general_books_OBJ
[2017.05.15-15.03.38:971][  0]LogLinker:Warning: Can't find file '/Game/modelos/libros/book04Mat'
[2017.05.15-15.03.38:972][  0]LoadErrors: Info Failed to load /Game/modelos/libros/book04Mat.book04Mat Referenced by general_books_OBJ
[2017.05.15-15.03.38:972][  0]LogLinker:Warning: Can't find file for asset '/Game/modelos/libros/book04Mat' while loading NULL.
[2017.05.15-15.03.38:972][  0]LoadErrors: Info Failed to load /Game/modelos/libros/book04Mat.book04Mat Referenced by general_books_OBJ
[2017.05.15-15.03.38:972][  0]LogLinker:Warning: Can't find file '/Game/modelos/libros/book05Mat'
[2017.05.15-15.03.38:972][  0]LoadErrors: Info Failed to load /Game/modelos/libros/book05Mat.book05Mat Referenced by general_books_OBJ
[2017.05.15-15.03.38:972][  0]LogLinker:Warning: Can't find file for asset '/Game/modelos/libros/book05Mat' while loading NULL.
[2017.05.15-15.03.38:972][  0]LoadErrors: Info Failed to load /Game/modelos/libros/book05Mat.book05Mat Referenced by general_books_OBJ
[2017.05.15-15.03.38:972][  0]LogLinker:Warning: Can't find file '/Game/modelos/chair/Chair2'
[2017.05.15-15.03.38:972][  0]LoadErrors: Info Failed to load /Game/modelos/chair/Chair2.Chair2 Referenced by Chair
[2017.05.15-15.03.38:972][  0]LogLinker:Warning: Can't find file for asset '/Game/modelos/chair/Chair2' while loading NULL.
[2017.05.15-15.03.38:972][  0]LoadErrors: Info Failed to load /Game/modelos/chair/Chair2.Chair2 Referenced by Chair
[2017.05.15-15.03.41:001][  0]LogAIModule: Creating AISystem for world Bilbioteca
[2017.05.15-15.03.41:079][  0]LogEditorServer: Finished looking for orphan Actors (0.000 secs)
[2017.05.15-15.03.41:081][  0]Cmd: MAP CHECKDEP NOCLEARLOG
[2017.05.15-15.03.41:293][  0]MapCheck: Info Map check complete: 0 Error(s), 0 Warning(s), took 212.049ms to complete.
[2017.05.15-15.03.41:294][  0]LogFileHelpers: Loading map 'Bilbioteca' took 3.294
[2017.05.15-15.03.41:358][  0]LogWindowsTextInputMethodSystem:Display: IME system now deactivated.
[2017.05.15-15.03.41:552][  0]LogCollectionManager: Loaded 0 collections in 0.002571 seconds
[2017.05.15-15.03.41:695][  0]LogFileCache: Scanning file cache for directory 'E:/Users/Gabriel Sarria/Downloads/Proyecto/Saved/Collections/' took 0.01s
[2017.05.15-15.03.41:695][  0]LogFileCache: Scanning file cache for directory 'E:/Users/Gabriel Sarria/Downloads/Proyecto/Content/Developers/GabrielSarria/Collections/' took 0.01s
[2017.05.15-15.03.41:695][  0]LogFileCache: Scanning file cache for directory 'E:/Users/Gabriel Sarria/Downloads/Proyecto/Content/Collections/' took 0.01s
[2017.05.15-15.03.41:695][  0]LogCollectionManager: Rebuilt the GUID cache for 0 collections in 0.000003 seconds
[2017.05.15-15.03.41:708][  0]LogContentBrowser: Native class hierarchy populated in 0.0126 seconds. Added 2259 classes and 459 folders.
[2017.05.15-15.03.41:832][  0]LogContentBrowser: Native class hierarchy updated for 'WidgetCarousel' in 0.0007 seconds. Added 0 classes and 0 folders.
[2017.05.15-15.03.41:939][  0]LogContentBrowser: Native class hierarchy updated for 'AddContentDialog' in 0.0004 seconds. Added 0 classes and 0 folders.
[2017.05.15-15.03.42:040][  0]LogContentBrowser: Native class hierarchy updated for 'SceneOutliner' in 0.0006 seconds. Added 1 classes and 2 folders.
[2017.05.15-15.03.42:104][  0]LogCrashTracker: Crashtracker disabled due to settings.
[2017.05.15-15.03.42:109][  0]LogUObjectGlobals:Warning: Failed to find object 'Class None.'
[2017.05.15-15.03.42:235][  0]LogContentBrowser: Native class hierarchy updated for 'HierarchicalLODOutliner' in 0.0004 seconds. Added 1 classes and 2 folders.
[2017.05.15-15.03.42:235][  0]LogLoad: (Engine Initialization) Total time: 25.23 seconds
[2017.05.15-15.03.42:235][  0]LogLoad: (Engine Initialization) Total Blueprint compile time: 0.34 seconds
[2017.05.15-15.03.42:235][  0]LogExternalProfiler: No external profilers were discovered.  External profiling features will not be available.
[2017.05.15-15.03.42:256][  0]LogOcInput: OculusInput pre-init called
[2017.05.15-15.03.42:286][  0]LogContentStreaming: Texture pool size now 600 MB
[2017.05.15-15.03.42:302][  0]LogSlate: Took 0.004471 seconds to synchronously load lazily loaded font '../../../Engine/Content/Slate/Fonts/Roboto-Regular.ttf' (155K)
[2017.05.15-15.03.42:305][  0]LogSlate: Took 0.000611 seconds to synchronously load lazily loaded font '../../../Engine/Content/Slate/Fonts/Roboto-Bold.ttf' (160K)
[2017.05.15-15.03.42:310][  0]LogSlate: Took 0.000950 seconds to synchronously load lazily loaded font '../../../Engine/Content/Editor/Slate/Fonts/FontAwesome.ttf' (139K)
[2017.05.15-15.03.42:539][  0]LogRenderer: Reallocating scene render targets to support 256x256 NumSamples 1 (Frame:2).
[2017.05.15-15.03.42:573][  0]LogRenderer: Reallocating scene render targets to support 1208x576 NumSamples 1 (Frame:2).
[2017.05.15-15.03.42:616][  0]LogSlate: Took 0.006876 seconds to synchronously load lazily loaded font '../../../Engine/Content/Slate/Fonts/Roboto-Light.ttf' (159K)
[2017.05.15-15.03.42:734][  1]LogFileCache: Retrieving MD5 hashes for directory 'E:/Users/Gabriel Sarria/Downloads/Proyecto/Content/' took 0.47s
[2017.05.15-15.03.42:782][  2]LogAssetRegistry: Asset discovery search completed in 19.3326 seconds
[2017.05.15-15.03.42:782][  2]LogCollectionManager: Rebuilt the object cache for 0 collections in 0.000008 seconds (found 0 objects)
[2017.05.15-15.03.42:782][  2]LogCollectionManager: Fixed up redirectors for 0 collections in 0.000022 seconds (updated 0 objects)
[2017.05.15-15.03.43:292][ 35]LogSlate: Took 0.000422 seconds to synchronously load lazily loaded font '../../../Engine/Content/Slate/Fonts/Roboto-Light.ttf' (159K)
[2017.05.15-15.04.18:358][936]LogWindowsTextInputMethodSystem:Display: IME system now deactivated.
[2017.05.15-15.04.18:588][937]Cmd: QUIT_EDITOR
[2017.05.15-15.04.18:667][937]LogExit: Preparing to exit.
[2017.05.15-15.04.19:478][937]LogExit: Editor shut down
[2017.05.15-15.04.19:478][937]LogExit: Transaction tracking system shut down
[2017.05.15-15.04.19:685][937]LogObj: Freed 0b from 0 cluster array pools.
[2017.05.15-15.04.19:685][937]LogExit: Object subsystem successfully closed.
[2017.05.15-15.04.19:798][937]LogD3D11RHI: Shutdown
[2017.05.15-15.04.19:798][937]LogD3D11RHI: CleanupD3DDevice
[2017.05.15-15.04.19:933][937]LogD3D11RHI: ~FD3D11DynamicRHI
[2017.05.15-15.04.19:978][937]LogModuleManager: Shutting down and abandoning module HierarchicalLODOutliner (502)
[2017.05.15-15.04.19:978][937]LogModuleManager: Shutting down and abandoning module CrashTracker (500)
[2017.05.15-15.04.19:978][937]LogModuleManager: Shutting down and abandoning module SceneOutliner (498)
[2017.05.15-15.04.19:978][937]LogModuleManager: Shutting down and abandoning module AddContentDialog (496)
[2017.05.15-15.04.19:978][937]LogDirectoryWatcher: A directory notification for 'C:/Program Files/Epic Games/UE_4.15/FeaturePacks/' was aborted.
[2017.05.15-15.04.19:978][937]LogModuleManager: Shutting down and abandoning module WidgetCarousel (495)
[2017.05.15-15.04.19:978][937]LogModuleManager: Shutting down and abandoning module EditorWidgets (492)
[2017.05.15-15.04.19:978][937]LogModuleManager: Shutting down and abandoning module CollectionManager (490)
[2017.05.15-15.04.19:978][937]LogDirectoryWatcher: A directory notification for 'E:/Users/Gabriel Sarria/Downloads/Proyecto/Content/Collections/' was aborted.
[2017.05.15-15.04.19:978][937]LogDirectoryWatcher: A directory notification for 'E:/Users/Gabriel Sarria/Downloads/Proyecto/Content/Developers/GabrielSarria/Collections/' was aborted.
[2017.05.15-15.04.19:978][937]LogDirectoryWatcher: A directory notification for 'E:/Users/Gabriel Sarria/Downloads/Proyecto/Saved/Collections/' was aborted.
[2017.05.15-15.04.19:978][937]LogModuleManager: Shutting down and abandoning module StatsViewer (488)
[2017.05.15-15.04.19:978][937]LogModuleManager: Shutting down and abandoning module FoliageEdit (486)
[2017.05.15-15.04.19:978][937]LogModuleManager: Shutting down and abandoning module LandscapeEditor (484)
[2017.05.15-15.04.19:978][937]LogModuleManager: Shutting down and abandoning module SceneDepthPickerMode (482)
[2017.05.15-15.04.19:978][937]LogModuleManager: Shutting down and abandoning module ActorPickerMode (480)
[2017.05.15-15.04.19:978][937]LogModuleManager: Shutting down and abandoning module GeometryMode (478)
[2017.05.15-15.04.19:978][937]LogModuleManager: Shutting down and abandoning module TextureAlignMode (476)
[2017.05.15-15.04.19:978][937]LogModuleManager: Shutting down and abandoning module BspMode (474)
[2017.05.15-15.04.19:978][937]LogModuleManager: Shutting down and abandoning module HardwareSurvey (472)
[2017.05.15-15.04.19:978][937]LogModuleManager: Shutting down and abandoning module SequenceRecorderSections (470)
[2017.05.15-15.04.19:978][937]LogModuleManager: Shutting down and abandoning module AutomationWorker (468)
[2017.05.15-15.04.19:978][937]LogModuleManager: Shutting down and abandoning module MatineeToLevelSequence (466)
[2017.05.15-15.04.19:978][937]LogModuleManager: Shutting down and abandoning module LevelSequenceEditor (464)
[2017.05.15-15.04.19:978][937]LogModuleManager: Shutting down and abandoning module PlacementMode (463)
[2017.05.15-15.04.19:978][937]LogModuleManager: Shutting down and abandoning module WmfMediaFactory (460)
[2017.05.15-15.04.19:978][937]LogModuleManager: Shutting down and abandoning module WmfMediaEditor (458)
[2017.05.15-15.04.19:978][937]LogModuleManager: Shutting down and abandoning module MfMediaFactory (456)
[2017.05.15-15.04.19:978][937]LogModuleManager: Shutting down and abandoning module MfMediaEditor (454)
[2017.05.15-15.04.19:978][937]LogModuleManager: Shutting down and abandoning module AvfMediaFactory (452)
[2017.05.15-15.04.19:978][937]LogModuleManager: Shutting down and abandoning module AvfMediaEditor (450)
[2017.05.15-15.04.19:978][937]LogModuleManager: Shutting down and abandoning module AndroidMediaFactory (448)
[2017.05.15-15.04.19:978][937]LogModuleManager: Shutting down and abandoning module Media (447)
[2017.05.15-15.04.19:978][937]LogModuleManager: Shutting down and abandoning module AndroidMediaEditor (444)
[2017.05.15-15.04.19:978][937]LogModuleManager: Shutting down and abandoning module CharacterAI (442)
[2017.05.15-15.04.19:978][937]LogModuleManager: Shutting down and abandoning module AudioCapture (440)
[2017.05.15-15.04.19:979][937]LogModuleManager: Shutting down and abandoning module SequenceRecorder (439)
[2017.05.15-15.04.19:979][937]LogModuleManager: Shutting down and abandoning module SmartSnapping (436)
[2017.05.15-15.04.19:979][937]LogModuleManager: Shutting down and abandoning module SessionServices (434)
[2017.05.15-15.04.19:979][937]LogModuleManager: Shutting down and abandoning module ViewportSnapping (432)
[2017.05.15-15.04.19:979][937]LogModuleManager: Shutting down and abandoning module ViewportInteraction (430)
[2017.05.15-15.04.19:979][937]LogModuleManager: Shutting down and abandoning module LogVisualizer (428)
[2017.05.15-15.04.19:979][937]LogModuleManager: Shutting down and abandoning module IntroTutorials (426)
[2017.05.15-15.04.19:979][937]LogModuleManager: Shutting down and abandoning module GameProjectGeneration (425)
[2017.05.15-15.04.19:979][937]LogModuleManager: Shutting down and abandoning module EditorLiveStreaming (422)
[2017.05.15-15.04.19:979][937]LogModuleManager: Shutting down and abandoning module IOSPlatformEditor (420)
[2017.05.15-15.04.19:979][937]LogModuleManager: Shutting down and abandoning module HTML5PlatformEditor (418)
[2017.05.15-15.04.19:979][937]LogModuleManager: Shutting down and abandoning module AndroidPlatformEditor (416)
[2017.05.15-15.04.19:979][937]LogModuleManager: Shutting down and abandoning module AndroidDeviceDetection (415)
[2017.05.15-15.04.20:835][937]LogModuleManager: Shutting down and abandoning module IOSRuntimeSettings (412)
[2017.05.15-15.04.20:836][937]LogModuleManager: Shutting down and abandoning module AndroidRuntimeSettings (410)
[2017.05.15-15.04.20:836][937]LogModuleManager: Shutting down and abandoning module InputBindingEditor (408)
[2017.05.15-15.04.20:836][937]LogModuleManager: Shutting down and abandoning module NiagaraEditor (406)
[2017.05.15-15.04.20:836][937]LogModuleManager: Shutting down and abandoning module MergeActors (404)
[2017.05.15-15.04.20:836][937]LogModuleManager: Shutting down and abandoning module SizeMap (402)
[2017.05.15-15.04.20:836][937]LogModuleManager: Shutting down and abandoning module TreeMap (400)
[2017.05.15-15.04.20:836][937]LogModuleManager: Shutting down and abandoning module ReferenceViewer (398)
[2017.05.15-15.04.20:836][937]LogModuleManager: Shutting down and abandoning module LocalizationDashboard (396)
[2017.05.15-15.04.20:836][937]LogModuleManager: Shutting down and abandoning module LocalizationService (395)
[2017.05.15-15.04.20:836][937]LogModuleManager: Shutting down and abandoning module HardwareTargeting (392)
[2017.05.15-15.04.20:836][937]LogModuleManager: Shutting down and abandoning module DeviceProfileEditor (390)
[2017.05.15-15.04.20:836][937]LogModuleManager: Shutting down and abandoning module UndoHistory (388)
[2017.05.15-15.04.20:836][937]LogModuleManager: Shutting down and abandoning module UserFeedback (386)
[2017.05.15-15.04.20:836][937]LogModuleManager: Shutting down and abandoning module XmlParser (384)
[2017.05.15-15.04.20:836][937]LogModuleManager: Shutting down and abandoning module Blutility (382)
[2017.05.15-15.04.20:836][937]LogModuleManager: Shutting down and abandoning module ProjectSettingsViewer (380)
[2017.05.15-15.04.20:836][937]LogModuleManager: Shutting down and abandoning module ProjectTargetPlatformEditor (379)
[2017.05.15-15.04.20:836][937]LogModuleManager: Shutting down and abandoning module EditorSettingsViewer (376)
[2017.05.15-15.04.20:836][937]LogModuleManager: Shutting down and abandoning module SettingsEditor (374)
[2017.05.15-15.04.20:836][937]LogModuleManager: Shutting down and abandoning module ProjectLauncher (372)
[2017.05.15-15.04.20:836][937]LogModuleManager: Shutting down and abandoning module SessionFrontend (370)
[2017.05.15-15.04.20:836][937]LogModuleManager: Shutting down and abandoning module ProfilerClient (368)
[2017.05.15-15.04.20:836][937]LogModuleManager: Shutting down and abandoning module DeviceManager (366)
[2017.05.15-15.04.20:836][937]LogModuleManager: Shutting down and abandoning module TargetDeviceServices (365)
[2017.05.15-15.04.20:881][937]LogModuleManager: Shutting down and abandoning module AutomationController (362)
[2017.05.15-15.04.20:881][937]LogModuleManager: Shutting down and abandoning module AutomationWindow (360)
[2017.05.15-15.04.20:881][937]LogModuleManager: Shutting down and abandoning module Layers (358)
[2017.05.15-15.04.20:881][937]LogModuleManager: Shutting down and abandoning module ComponentVisualizers (356)
[2017.05.15-15.04.20:881][937]LogModuleManager: Shutting down and abandoning module DetailCustomizations (354)
[2017.05.15-15.04.20:881][937]LogModuleManager: Shutting down and abandoning module PackagesDialog (352)
[2017.05.15-15.04.20:881][937]LogModuleManager: Shutting down and abandoning module Persona (350)
[2017.05.15-15.04.20:881][937]LogModuleManager: Shutting down and abandoning module AnimGraph (349)
[2017.05.15-15.04.20:881][937]LogModuleManager: Shutting down and abandoning module Kismet (346)
[2017.05.15-15.04.20:881][937]LogModuleManager: Shutting down and abandoning module GraphEditor (344)
[2017.05.15-15.04.20:881][937]LogModuleManager: Shutting down and abandoning module ClassViewer (342)
[2017.05.15-15.04.20:881][937]LogModuleManager: Shutting down and abandoning module Toolbox (340)
[2017.05.15-15.04.20:881][937]LogModuleManager: Shutting down and abandoning module ModuleUI (338)
[2017.05.15-15.04.20:881][937]LogModuleManager: Shutting down and abandoning module MovieSceneTools (336)
[2017.05.15-15.04.20:881][937]LogModuleManager: Shutting down and abandoning module OutputLog (334)
[2017.05.15-15.04.20:881][937]LogModuleManager: Shutting down and abandoning module GammaUI (332)
[2017.05.15-15.04.20:881][937]LogModuleManager: Shutting down and abandoning module Documentation (330)
[2017.05.15-15.04.20:881][937]LogModuleManager: Shutting down and abandoning module Niagara (328)
[2017.05.15-15.04.20:881][937]LogModuleManager: Shutting down and abandoning module StreamingPauseRendering (326)
[2017.05.15-15.04.20:881][937]LogModuleManager: Shutting down and abandoning module AnalyticsET (324)
[2017.05.15-15.04.20:881][937]LogModuleManager: Shutting down and abandoning module PortalServices (322)
[2017.05.15-15.04.20:881][937]LogModuleManager: Shutting down and abandoning module PortalRpc (320)
[2017.05.15-15.04.20:881][937]LogModuleManager: Shutting down and abandoning module MessagingRpc (318)
[2017.05.15-15.04.20:881][937]LogModuleManager: Shutting down and abandoning module AIModule (316)
[2017.05.15-15.04.20:882][937]LogModuleManager: Shutting down and abandoning module GameplayDebugger (315)
[2017.05.15-15.04.20:882][937]LogModuleManager: Shutting down and abandoning module AITestSuite (313)
[2017.05.15-15.04.20:882][937]LogModuleManager: Shutting down and abandoning module ProfilerService (310)
[2017.05.15-15.04.21:110][937]LogModuleManager: Shutting down and abandoning module TaskGraph (308)
[2017.05.15-15.04.21:110][937]LogModuleManager: Shutting down and abandoning module SubstanceEditor (306)
[2017.05.15-15.04.21:110][937]LogModuleManager: Shutting down and abandoning module SteamVRController (304)
[2017.05.15-15.04.21:110][937]LogModuleManager: Shutting down and abandoning module SteamVR (302)
[2017.05.15-15.04.21:110][937]LogModuleManager: Shutting down and abandoning module ProceduralMeshComponentEditor (300)
[2017.05.15-15.04.21:110][937]LogModuleManager: Shutting down and abandoning module ProceduralMeshComponent (298)
[2017.05.15-15.04.21:110][937]LogModuleManager: Shutting down and abandoning module OculusLibrary (296)
[2017.05.15-15.04.21:110][937]LogModuleManager: Shutting down and abandoning module OculusInput (294)
[2017.05.15-15.04.21:110][937]LogModuleManager: Shutting down and abandoning module MobilePatchingUtils (292)
[2017.05.15-15.04.21:110][937]LogModuleManager: Shutting down and abandoning module CustomMeshComponent (290)
[2017.05.15-15.04.21:110][937]LogModuleManager: Shutting down and abandoning module CableComponent (288)
[2017.05.15-15.04.21:110][937]LogModuleManager: Shutting down and abandoning module ArchVisCharacter (286)
[2017.05.15-15.04.21:110][937]LogModuleManager: Shutting down and abandoning module MediaPlayerEditor (282)
[2017.05.15-15.04.21:110][937]LogModuleManager: Shutting down and abandoning module HTML5Networking (280)
[2017.05.15-15.04.21:110][937]LogModuleManager: Shutting down and abandoning module AlembicImporter (278)
[2017.05.15-15.04.21:110][937]LogModuleManager: Shutting down and abandoning module AlembicLibrary (277)
[2017.05.15-15.04.21:110][937]LogModuleManager: Shutting down and abandoning module GeometryCache (276)
[2017.05.15-15.04.21:110][937]LogModuleManager: Shutting down and abandoning module GeometryCacheEd (275)
[2017.05.15-15.04.21:110][937]LogModuleManager: Shutting down and abandoning module SuperSearchEditor (270)
[2017.05.15-15.04.21:110][937]LogModuleManager: Shutting down and abandoning module SuperSearch (269)
[2017.05.15-15.04.21:110][937]LogModuleManager: Shutting down and abandoning module SpeedTreeImporter (266)
[2017.05.15-15.04.21:110][937]LogModuleManager: Shutting down and abandoning module PluginBrowser (264)
[2017.05.15-15.04.21:110][937]LogModuleManager: Shutting down and abandoning module MobileLauncherProfileWizard (262)
[2017.05.15-15.04.21:110][937]LogModuleManager: Shutting down and abandoning module EpicSurvey (260)
[2017.05.15-15.04.21:110][937]LogModuleManager: Shutting down and abandoning module VisualStudioSourceCodeAccess (258)
[2017.05.15-15.04.21:110][937]LogModuleManager: Shutting down and abandoning module DesktopPlatform (257)
[2017.05.15-15.04.21:110][937]LogModuleManager: Shutting down and abandoning module UObjectPlugin (254)
[2017.05.15-15.04.21:110][937]LogModuleManager: Shutting down and abandoning module SubversionSourceControl (252)
[2017.05.15-15.04.21:110][937]LogModuleManager: Shutting down and abandoning module PerforceSourceControl (250)
[2017.05.15-15.04.21:110][937]LogModuleManager: Shutting down and abandoning module GitSourceControl (248)
[2017.05.15-15.04.21:110][937]LogModuleManager: Shutting down and abandoning module SourceControl (247)
[2017.05.15-15.04.21:110][937]LogModuleManager: Shutting down and abandoning module LightPropagationVolumeEditor (244)
[2017.05.15-15.04.21:110][937]LogModuleManager: Shutting down and abandoning module PaperTiledImporter (242)
[2017.05.15-15.04.21:110][937]LogModuleManager: Shutting down and abandoning module PaperSpriteSheetImporter (240)
[2017.05.15-15.04.21:110][937]LogModuleManager: Shutting down and abandoning module Paper2DEditor (238)
[2017.05.15-15.04.21:110][937]LogModuleManager: Shutting down and abandoning module MeshPaint (237)
[2017.05.15-15.04.21:110][937]LogModuleManager: Shutting down and abandoning module LevelEditor (235)
[2017.05.15-15.04.21:112][937]LogModuleManager: Shutting down and abandoning module PixelInspectorModule (234)
[2017.05.15-15.04.21:112][937]LogModuleManager: Shutting down and abandoning module MainFrame (232)
[2017.05.15-15.04.21:112][937]LogModuleManager: Shutting down and abandoning module HotReload (231)
[2017.05.15-15.04.21:113][937]LogModuleManager: Shutting down and abandoning module ContentBrowser (227)
[2017.05.15-15.04.21:115][937]LogModuleManager: Shutting down and abandoning module PhysXVehiclesEditor (224)
[2017.05.15-15.04.21:115][937]LogModuleManager: Shutting down and abandoning module PhysXVehicles (222)
[2017.05.15-15.04.21:115][937]LogModuleManager: Shutting down and abandoning module LocationServicesBPLibrary (220)
[2017.05.15-15.04.21:115][937]LogModuleManager: Shutting down and abandoning module UdpMessaging (218)
[2017.05.15-15.04.21:216][937]LogModuleManager: Shutting down and abandoning module TcpMessaging (216)
[2017.05.15-15.04.21:320][937]LogModuleManager: Shutting down and abandoning module SubstanceCore (214)
[2017.05.15-15.04.21:320][937]LogModuleManager: Shutting down and abandoning module GameplayTagsEditor (212)
[2017.05.15-15.04.21:320][937]LogModuleManager: Shutting down and abandoning module FacialAnimationEditor (210)
[2017.05.15-15.04.21:320][937]LogModuleManager: Shutting down and abandoning module FacialAnimation (208)
[2017.05.15-15.04.21:320][937]LogModuleManager: Shutting down and abandoning module LightPropagationVolumeRuntime (206)
[2017.05.15-15.04.21:320][937]LogModuleManager: Shutting down and abandoning module Paper2D (204)
[2017.05.15-15.04.21:320][937]LogModuleManager: Shutting down and abandoning module WindowsMoviePlayer (202)
[2017.05.15-15.04.21:320][937]LogModuleManager: Shutting down and abandoning module WmfMedia (200)
[2017.05.15-15.04.21:320][937]LogModuleManager: Shutting down and abandoning module MfMedia (198)
[2017.05.15-15.04.21:320][937]LogModuleManager: Shutting down and abandoning module MediaAssets (196)
[2017.05.15-15.04.21:320][937]LogModuleManager: Shutting down and abandoning module GameLiveStreaming (194)
[2017.05.15-15.04.21:320][937]LogModuleManager: Shutting down and abandoning module VREditor (192)
[2017.05.15-15.04.21:320][937]LogModuleManager: Shutting down and abandoning module GameplayTasksEditor (190)
[2017.05.15-15.04.21:320][937]LogModuleManager: Shutting down and abandoning module BehaviorTreeEditor (188)
[2017.05.15-15.04.21:320][937]LogModuleManager: Shutting down and abandoning module FunctionalTesting (186)
[2017.05.15-15.04.21:320][937]LogModuleManager: Shutting down and abandoning module CollisionAnalyzer (184)
[2017.05.15-15.04.21:320][937]LogModuleManager: Shutting down and abandoning module UMG (182)
[2017.05.15-15.04.21:320][937]LogModuleManager: Shutting down and abandoning module UMGEditor (181)
[2017.05.15-15.04.21:320][937]LogModuleManager: Shutting down and abandoning module Sequencer (180)
[2017.05.15-15.04.21:320][937]LogModuleManager: Shutting down and abandoning module AssetTools (178)
[2017.05.15-15.04.21:320][937]LogModuleManager: Shutting down and abandoning module MessageLog (177)
[2017.05.15-15.04.21:320][937]LogModuleManager: Shutting down and abandoning module WorkspaceMenuStructure (176)
[2017.05.15-15.04.21:320][937]LogModuleManager: Shutting down and abandoning module SlateReflector (170)
[2017.05.15-15.04.21:320][937]LogModuleManager: Shutting down and abandoning module Slate (168)
[2017.05.15-15.04.21:320][937]LogModuleManager: Shutting down and abandoning module EditorStyle (166)
[2017.05.15-15.04.21:332][937]LogModuleManager: Shutting down and abandoning module SourceCodeAccess (164)
[2017.05.15-15.04.21:332][937]LogModuleManager: Shutting down and abandoning module HeadMountedDisplay (162)
[2017.05.15-15.04.21:332][937]LogModuleManager: Shutting down and abandoning module XAudio2 (160)
[2017.05.15-15.04.21:332][937]LogModuleManager: Shutting down and abandoning module Networking (158)
[2017.05.15-15.04.21:332][937]LogModuleManager: Shutting down and abandoning module Core (154)
[2017.05.15-15.04.21:332][937]LogModuleManager: Shutting down and abandoning module AssetRegistry (152)
[2017.05.15-15.04.21:541][937]LogDirectoryWatcher: A directory notification for '../../../Engine/Content/' was aborted.
[2017.05.15-15.04.21:541][937]LogDirectoryWatcher: A directory notification for 'E:/Users/Gabriel Sarria/Downloads/Proyecto/Content/' was aborted.
[2017.05.15-15.04.21:541][937]LogDirectoryWatcher: A directory notification for '../../../Engine/Plugins/2D/Paper2D/Content/' was aborted.
[2017.05.15-15.04.21:541][937]LogModuleManager: Shutting down and abandoning module DirectoryWatcher (151)
[2017.05.15-15.04.21:541][937]LogModuleManager: Shutting down and abandoning module KismetCompiler (148)
[2017.05.15-15.04.21:541][937]LogModuleManager: Shutting down and abandoning module PhysXFormats (146)
[2017.05.15-15.04.21:541][937]LogModuleManager: Shutting down and abandoning module MeshUtilities (144)
[2017.05.15-15.04.21:541][937]LogModuleManager: Shutting down and abandoning module SimplygonSwarm (143)
[2017.05.15-15.04.21:541][937]LogModuleManager: Shutting down and abandoning module SimplygonMeshReduction (141)
[2017.05.15-15.04.21:541][937]LogModuleManager: Shutting down and abandoning module QuadricMeshReduction (139)
[2017.05.15-15.04.21:541][937]LogModuleManager: Shutting down and abandoning module PropertyEditor (137)
[2017.05.15-15.04.21:541][937]LogModuleManager: Shutting down and abandoning module DerivedDataCache (134)
[2017.05.15-15.04.21:686][937]LogDerivedDataCache: Shutdown
[2017.05.15-15.04.21:686][937]LogModuleManager: Shutting down and abandoning module TargetPlatform (132)
[2017.05.15-15.04.21:686][937]LogModuleManager: Shutting down and abandoning module VulkanShaderFormat (131)
[2017.05.15-15.04.21:686][937]LogModuleManager: Shutting down and abandoning module ShaderFormatOpenGL (129)
[2017.05.15-15.04.21:686][937]LogModuleManager: Shutting down and abandoning module ShaderFormatD3D (127)
[2017.05.15-15.04.21:686][937]LogModuleManager: Shutting down and abandoning module MetalShaderFormat (125)
[2017.05.15-15.04.21:686][937]LogModuleManager: Shutting down and abandoning module TextureFormatUncompressed (123)
[2017.05.15-15.04.21:686][937]LogModuleManager: Shutting down and abandoning module TextureFormatPVR (121)
[2017.05.15-15.04.21:686][937]LogModuleManager: Shutting down and abandoning module TextureFormatDXT (119)
[2017.05.15-15.04.21:686][937]LogModuleManager: Shutting down and abandoning module TextureFormatIntelISPCTexComp (117)
[2017.05.15-15.04.21:687][937]LogModuleManager: Shutting down and abandoning module TextureFormatASTC (115)
[2017.05.15-15.04.21:687][937]LogModuleManager: Shutting down and abandoning module ImageWrapper (114)
[2017.05.15-15.04.21:687][937]LogModuleManager: Shutting down and abandoning module TextureFormatAndroid (111)
[2017.05.15-15.04.21:687][937]LogModuleManager: Shutting down and abandoning module AudioFormatOpus (109)
[2017.05.15-15.04.21:687][937]LogModuleManager: Shutting down and abandoning module AudioFormatOgg (107)
[2017.05.15-15.04.21:687][937]LogModuleManager: Shutting down and abandoning module AudioFormatADPCM (105)
[2017.05.15-15.04.21:687][937]LogModuleManager: Shutting down and abandoning module LinuxTargetPlatform (103)
[2017.05.15-15.04.21:687][937]LogModuleManager: Shutting down and abandoning module LinuxServerTargetPlatform (101)
[2017.05.15-15.04.21:687][937]LogModuleManager: Shutting down and abandoning module LinuxNoEditorTargetPlatform (99)
[2017.05.15-15.04.21:687][937]LogModuleManager: Shutting down and abandoning module LinuxClientTargetPlatform (97)
[2017.05.15-15.04.21:687][937]LogModuleManager: Shutting down and abandoning module TVOSTargetPlatform (95)
[2017.05.15-15.04.21:687][937]LogModuleManager: Shutting down and abandoning module Messaging (93)
[2017.05.15-15.04.21:687][937]LogModuleManager: Shutting down and abandoning module IOSTargetPlatform (91)
[2017.05.15-15.04.21:687][937]LogModuleManager: Shutting down and abandoning module HTML5TargetPlatform (89)
[2017.05.15-15.04.21:687][937]LogModuleManager: Shutting down and abandoning module Android_PVRTCTargetPlatform (87)
[2017.05.15-15.04.21:687][937]LogModuleManager: Shutting down and abandoning module Android_MultiTargetPlatform (85)
[2017.05.15-15.04.21:687][937]LogModuleManager: Shutting down and abandoning module Android_ETC2TargetPlatform (83)
[2017.05.15-15.04.21:687][937]LogModuleManager: Shutting down and abandoning module Android_ETC1TargetPlatform (81)
[2017.05.15-15.04.21:687][937]LogModuleManager: Shutting down and abandoning module Android_DXTTargetPlatform (79)
[2017.05.15-15.04.21:687][937]LogModuleManager: Shutting down and abandoning module Android_ATCTargetPlatform (77)
[2017.05.15-15.04.21:687][937]LogModuleManager: Shutting down and abandoning module Android_ASTCTargetPlatform (75)
[2017.05.15-15.04.21:687][937]LogModuleManager: Shutting down and abandoning module AndroidTargetPlatform (73)
[2017.05.15-15.04.21:687][937]LogModuleManager: Shutting down and abandoning module WindowsTargetPlatform (71)
[2017.05.15-15.04.21:687][937]LogModuleManager: Shutting down and abandoning module WindowsServerTargetPlatform (69)
[2017.05.15-15.04.21:687][937]LogModuleManager: Shutting down and abandoning module WindowsNoEditorTargetPlatform (67)
[2017.05.15-15.04.21:687][937]LogModuleManager: Shutting down and abandoning module WindowsClientTargetPlatform (65)
[2017.05.15-15.04.21:687][937]LogModuleManager: Shutting down and abandoning module MacTargetPlatform (63)
[2017.05.15-15.04.21:687][937]LogModuleManager: Shutting down and abandoning module MacServerTargetPlatform (61)
[2017.05.15-15.04.21:687][937]LogModuleManager: Shutting down and abandoning module MacNoEditorTargetPlatform (59)
[2017.05.15-15.04.21:687][937]LogModuleManager: Shutting down and abandoning module MacClientTargetPlatform (57)
[2017.05.15-15.04.21:687][937]LogModuleManager: Shutting down and abandoning module AllDesktopTargetPlatform (55)
[2017.05.15-15.04.21:687][937]LogModuleManager: Shutting down and abandoning module InputCore (52)
[2017.05.15-15.04.21:687][937]LogModuleManager: Shutting down and abandoning module Settings (50)
[2017.05.15-15.04.21:687][937]LogModuleManager: Shutting down and abandoning module OculusRift (48)
[2017.05.15-15.04.21:687][937]LogModuleManager: Shutting down and abandoning module GearVR (46)
[2017.05.15-15.04.21:687][937]LogModuleManager: Shutting down and abandoning module ExampleDeviceProfileSelector (44)
[2017.05.15-15.04.21:687][937]LogModuleManager: Shutting down and abandoning module OnlineBlueprintSupport (42)
[2017.05.15-15.04.21:687][937]LogModuleManager: Shutting down and abandoning module OnlineSubsystem (38)
[2017.05.15-15.04.21:687][937]LogOnline:Display: Unloading online subsystem: NULL
[2017.05.15-15.04.21:687][937]LogModuleManager: Shutting down and abandoning module XMPP (37)
[2017.05.15-15.04.21:687][937]LogModuleManager: Shutting down and abandoning module HTTP (35)
[2017.05.15-15.04.21:687][937]LogHttp:Display: Http module shutting down, but needs to wait on 1 outstanding Http requests:
[2017.05.15-15.04.21:687][937]LogHttp:Display: 	verb=[POST] url=[https://datarouter.ol.epicgames.com/datarouter/api/v1/public/data?SessionID=%7B40D2B996-4028-9DEA-664D-6FA584251D8D%7D&AppID=UEEditor.Rocket.Release&AppVersion=4.15.2-3416026%2B%2B%2BUE4%2BRelease-4.15&UserID=ff63c5cf4a7b24155175fd8bc40bba14%7C12a69d898d994607b6b8ed508a91618e%7Cdfdbdec5-f222-4fe5-afbc-9ccdd7cf813d&AppEnvironment=datacollector-binary&UploadType=eteventstream] status=Processing
[2017.05.15-15.04.21:696][937]LogModuleManager: Shutting down and abandoning module SSL (34)
[2017.05.15-15.04.21:698][937]LogModuleManager: Shutting down and abandoning module AudioEditor (30)
[2017.05.15-15.04.21:698][937]LogModuleManager: Shutting down and abandoning module TextureCompressor (28)
[2017.05.15-15.04.21:698][937]LogModuleManager: Shutting down and abandoning module ShaderCore (26)
[2017.05.15-15.04.21:698][937]LogModuleManager: Shutting down and abandoning module Landscape (24)
[2017.05.15-15.04.21:698][937]LogModuleManager: Shutting down and abandoning module SlateRHIRenderer (22)
[2017.05.15-15.04.21:699][937]LogModuleManager: Shutting down and abandoning module OpenGLDrv (20)
[2017.05.15-15.04.21:699][937]LogModuleManager: Shutting down and abandoning module D3D11RHI (18)
[2017.05.15-15.04.21:699][937]LogModuleManager: Shutting down and abandoning module AnimGraphRuntime (16)
[2017.05.15-15.04.21:699][937]LogModuleManager: Shutting down and abandoning module Renderer (14)
[2017.05.15-15.04.21:699][937]LogModuleManager: Shutting down and abandoning module Engine (12)
[2017.05.15-15.04.21:700][937]LogModuleManager: Shutting down and abandoning module CoreUObject (10)
[2017.05.15-15.04.21:700][937]LogModuleManager: Shutting down and abandoning module NetworkFile (8)
[2017.05.15-15.04.21:700][937]LogModuleManager: Shutting down and abandoning module StreamingFile (6)
[2017.05.15-15.04.21:700][937]LogModuleManager: Shutting down and abandoning module SandboxFile (4)
[2017.05.15-15.04.21:700][937]LogModuleManager: Shutting down and abandoning module PakFile (2)
[2017.05.15-15.04.21:703][937]LogExit: Exiting.
[2017.05.15-15.04.21:705][937]Log file closed, 05/15/17 10:04:21
